<?xml version="1.0" encoding="UTF-8"?>
<!-- Generated by org.testng.reporters.JUnitReportReporter -->
<testsuite hostname="DESKTOP-1J2IUKP" failures="0" tests="2" name="bank.tests.LoginTest" time="3.214" errors="0" timestamp="19 Jan 2021 15:27:57 GMT">
  <testcase classname="bank.tests.LoginTest" name="login" time="2.402"/>
  <testcase classname="bank.tests.LoginTest" name="logout" time="0.812"/>
</testsuite> <!-- bank.tests.LoginTest -->
