<?xml version="1.0" encoding="UTF-8"?>
<!-- Generated by org.testng.reporters.JUnitReportReporter -->
<testsuite hostname="DESKTOP-1J2IUKP" failures="0" tests="2" name="bank.tests.LoginTestFactory" time="3.382" errors="0" timestamp="19 Jan 2021 17:15:44 GMT">
  <testcase classname="bank.tests.LoginTestFactory" name="login" time="2.393"/>
  <testcase classname="bank.tests.LoginTestFactory" name="logout" time="0.989"/>
</testsuite> <!-- bank.tests.LoginTestFactory -->
