<?xml version="1.0" encoding="UTF-8"?>
<!-- Generated by org.testng.reporters.JUnitReportReporter -->
<testsuite hostname="DESKTOP-1J2IUKP" failures="0" tests="2" name="bank.tests.LoginPageFactory" time="3.053" errors="0" timestamp="20 Jan 2021 17:57:47 GMT">
  <testcase classname="bank.tests.LoginPageFactory" name="login" time="2.050"/>
  <testcase classname="bank.tests.LoginPageFactory" name="logout" time="1.003"/>
</testsuite> <!-- bank.tests.LoginPageFactory -->
