<?xml version="1.0" encoding="UTF-8"?>
<!-- Generated by org.testng.reporters.JUnitReportReporter -->
<testsuite hostname="DESKTOP-1J2IUKP" failures="0" tests="2" name="bank.tests.LoginTestFactory" time="2.909" errors="0" timestamp="20 Jan 2021 17:07:56 GMT">
  <testcase classname="bank.tests.LoginTestFactory" name="login" time="1.918"/>
  <testcase classname="bank.tests.LoginTestFactory" name="logout" time="0.991"/>
</testsuite> <!-- bank.tests.LoginTestFactory -->
