<?xml version="1.0" encoding="UTF-8"?>
<!-- Generated by org.testng.reporters.JUnitReportReporter -->
<testsuite hostname="DESKTOP-1J2IUKP" failures="0" tests="2" name="bank.project.functional.LoginTest" time="2.025" errors="0" timestamp="18 Jan 2021 20:27:07 GMT">
  <testcase classname="bank.project.functional.LoginTest" name="logout" time="0.496"/>
  <testcase classname="bank.project.functional.LoginTest" name="login" time="1.529"/>
</testsuite> <!-- bank.project.functional.LoginTest -->
