<?xml version="1.0" encoding="UTF-8"?>
<!-- Generated by org.testng.reporters.JUnitReportReporter -->
<testsuite hostname="DESKTOP-1J2IUKP" name="bank.project.functional.LoginTest" tests="2" failures="0" timestamp="18 Jan 2021 20:26:24 GMT" time="2.693" errors="0">
  <testcase name="login" time="2.131" classname="bank.project.functional.LoginTest"/>
  <testcase name="logout" time="0.562" classname="bank.project.functional.LoginTest"/>
</testsuite> <!-- bank.project.functional.LoginTest -->
